21-Mar-2025 23:57:40.643 SEVERE [http-nio-8080-exec-3] org.apache.catalina.core.StandardWrapperValve.invoke Servlet.service() du Servlet [jsp] dans le contexte au chemin [/GestionPrejets] a retourné une exception [Impossible de compiler la classe pour la JSP: 

Une erreur s'est produite à la ligne : [24] dans le fichier jsp : [/task.jsp]
List cannot be resolved to a type
21:             </thead>
22:             <tbody>
23:                 <%
24:                     List<Tache> taches = (List<Tache>) request.getAttribute("taches");
25:                     for (Tache tache : taches) {
26:                 %>
27:                 <tr>


Une erreur s'est produite à la ligne : [24] dans le fichier jsp : [/task.jsp]
Tache cannot be resolved to a type
21:             </thead>
22:             <tbody>
23:                 <%
24:                     List<Tache> taches = (List<Tache>) request.getAttribute("taches");
25:                     for (Tache tache : taches) {
26:                 %>
27:                 <tr>


Une erreur s'est produite à la ligne : [24] dans le fichier jsp : [/task.jsp]
List cannot be resolved to a type
21:             </thead>
22:             <tbody>
23:                 <%
24:                     List<Tache> taches = (List<Tache>) request.getAttribute("taches");
25:                     for (Tache tache : taches) {
26:                 %>
27:                 <tr>


Une erreur s'est produite à la ligne : [24] dans le fichier jsp : [/task.jsp]
Tache cannot be resolved to a type
21:             </thead>
22:             <tbody>
23:                 <%
24:                     List<Tache> taches = (List<Tache>) request.getAttribute("taches");
25:                     for (Tache tache : taches) {
26:                 %>
27:                 <tr>


Une erreur s'est produite à la ligne : [25] dans le fichier jsp : [/task.jsp]
Tache cannot be resolved to a type
22:             <tbody>
23:                 <%
24:                     List<Tache> taches = (List<Tache>) request.getAttribute("taches");
25:                     for (Tache tache : taches) {
26:                 %>
27:                 <tr>
28:                     <td><%= tache.getDescription() %></td>


Stacktrace:] avec la cause
	org.apache.jasper.JasperException: Impossible de compiler la classe pour la JSP: 

Une erreur s'est produite à la ligne : [24] dans le fichier jsp : [/task.jsp]
List cannot be resolved to a type
21:             </thead>
22:             <tbody>
23:                 <%
24:                     List<Tache> taches = (List<Tache>) request.getAttribute("taches");
25:                     for (Tache tache : taches) {
26:                 %>
27:                 <tr>


Une erreur s'est produite à la ligne : [24] dans le fichier jsp : [/task.jsp]
Tache cannot be resolved to a type
21:             </thead>
22:             <tbody>
23:                 <%
24:                     List<Tache> taches = (List<Tache>) request.getAttribute("taches");
25:                     for (Tache tache : taches) {
26:                 %>
27:                 <tr>


Une erreur s'est produite à la ligne : [24] dans le fichier jsp : [/task.jsp]
List cannot be resolved to a type
21:             </thead>
22:             <tbody>
23:                 <%
24:                     List<Tache> taches = (List<Tache>) request.getAttribute("taches");
25:                     for (Tache tache : taches) {
26:                 %>
27:                 <tr>


Une erreur s'est produite à la ligne : [24] dans le fichier jsp : [/task.jsp]
Tache cannot be resolved to a type
21:             </thead>
22:             <tbody>
23:                 <%
24:                     List<Tache> taches = (List<Tache>) request.getAttribute("taches");
25:                     for (Tache tache : taches) {
26:                 %>
27:                 <tr>


Une erreur s'est produite à la ligne : [25] dans le fichier jsp : [/task.jsp]
Tache cannot be resolved to a type
22:             <tbody>
23:                 <%
24:                     List<Tache> taches = (List<Tache>) request.getAttribute("taches");
25:                     for (Tache tache : taches) {
26:                 %>
27:                 <tr>
28:                     <td><%= tache.getDescription() %></td>


Stacktrace:
		at org.apache.jasper.compiler.DefaultErrorHandler.javacError(DefaultErrorHandler.java:72)
		at org.apache.jasper.compiler.ErrorDispatcher.javacError(ErrorDispatcher.java:192)
		at org.apache.jasper.compiler.JDTCompiler.generateClass(JDTCompiler.java:542)
		at org.apache.jasper.compiler.Compiler.compile(Compiler.java:371)
		at org.apache.jasper.compiler.Compiler.compile(Compiler.java:343)
		at org.apache.jasper.compiler.Compiler.compile(Compiler.java:329)
		at org.apache.jasper.JspCompilationContext.compile(JspCompilationContext.java:603)
		at org.apache.jasper.servlet.JspServletWrapper.service(JspServletWrapper.java:399)
		at org.apache.jasper.servlet.JspServlet.serviceJspFile(JspServlet.java:376)
		at org.apache.jasper.servlet.JspServlet.service(JspServlet.java:324)
		at javax.servlet.http.HttpServlet.service(HttpServlet.java:623)
		at org.apache.catalina.core.ApplicationFilterChain.internalDoFilter(ApplicationFilterChain.java:199)
		at org.apache.catalina.core.ApplicationFilterChain.doFilter(ApplicationFilterChain.java:144)
		at org.apache.tomcat.websocket.server.WsFilter.doFilter(WsFilter.java:51)
		at org.apache.catalina.core.ApplicationFilterChain.internalDoFilter(ApplicationFilterChain.java:168)
		at org.apache.catalina.core.ApplicationFilterChain.doFilter(ApplicationFilterChain.java:144)
		at org.apache.catalina.core.StandardWrapperValve.invoke(StandardWrapperValve.java:168)
		at org.apache.catalina.core.StandardContextValve.invoke(StandardContextValve.java:90)
		at org.apache.catalina.authenticator.AuthenticatorBase.invoke(AuthenticatorBase.java:482)
		at org.apache.catalina.core.StandardHostValve.invoke(StandardHostValve.java:130)
		at org.apache.catalina.valves.ErrorReportValve.invoke(ErrorReportValve.java:93)
		at org.apache.catalina.valves.AbstractAccessLogValve.invoke(AbstractAccessLogValve.java:660)
		at org.apache.catalina.core.StandardEngineValve.invoke(StandardEngineValve.java:74)
		at org.apache.catalina.connector.CoyoteAdapter.service(CoyoteAdapter.java:346)
		at org.apache.coyote.http11.Http11Processor.service(Http11Processor.java:396)
		at org.apache.coyote.AbstractProcessorLight.process(AbstractProcessorLight.java:63)
		at org.apache.coyote.AbstractProtocol$ConnectionHandler.process(AbstractProtocol.java:937)
		at org.apache.tomcat.util.net.NioEndpoint$SocketProcessor.doRun(NioEndpoint.java:1793)
		at org.apache.tomcat.util.net.SocketProcessorBase.run(SocketProcessorBase.java:52)
		at org.apache.tomcat.util.threads.ThreadPoolExecutor.runWorker(ThreadPoolExecutor.java:1190)
		at org.apache.tomcat.util.threads.ThreadPoolExecutor$Worker.run(ThreadPoolExecutor.java:659)
		at org.apache.tomcat.util.threads.TaskThread$WrappingRunnable.run(TaskThread.java:63)
		at java.base/java.lang.Thread.run(Thread.java:1575)
21-Mar-2025 23:58:39.347 SEVERE [http-nio-8080-exec-4] org.apache.catalina.core.StandardWrapperValve.invoke Servlet.service() du Servlet [jsp] dans le contexte au chemin [/GestionPrejets] a retourné une exception [Une exception s'est produite lors du traitement de [/task.jsp] à la ligne [28]

25:             <tbody>
26:                 <%
27:                     List<Tache> taches = (List<Tache>) request.getAttribute("taches");
28:                     for (Tache tache : taches) {
29:                 %>
30:                 <tr>
31:                     <td><%= tache.getDescription() %></td>


Stacktrace:] avec la cause
	java.lang.NullPointerException: Cannot invoke "java.util.List.iterator()" because "taches" is null
		at org.apache.jsp.task_jsp._jspService(task_jsp.java:148)
		at org.apache.jasper.runtime.HttpJspBase.service(HttpJspBase.java:67)
		at javax.servlet.http.HttpServlet.service(HttpServlet.java:623)
		at org.apache.jasper.servlet.JspServletWrapper.service(JspServletWrapper.java:466)
		at org.apache.jasper.servlet.JspServlet.serviceJspFile(JspServlet.java:376)
		at org.apache.jasper.servlet.JspServlet.service(JspServlet.java:324)
		at javax.servlet.http.HttpServlet.service(HttpServlet.java:623)
		at org.apache.catalina.core.ApplicationFilterChain.internalDoFilter(ApplicationFilterChain.java:199)
		at org.apache.catalina.core.ApplicationFilterChain.doFilter(ApplicationFilterChain.java:144)
		at org.apache.tomcat.websocket.server.WsFilter.doFilter(WsFilter.java:51)
		at org.apache.catalina.core.ApplicationFilterChain.internalDoFilter(ApplicationFilterChain.java:168)
		at org.apache.catalina.core.ApplicationFilterChain.doFilter(ApplicationFilterChain.java:144)
		at org.apache.catalina.core.StandardWrapperValve.invoke(StandardWrapperValve.java:168)
		at org.apache.catalina.core.StandardContextValve.invoke(StandardContextValve.java:90)
		at org.apache.catalina.authenticator.AuthenticatorBase.invoke(AuthenticatorBase.java:482)
		at org.apache.catalina.core.StandardHostValve.invoke(StandardHostValve.java:130)
		at org.apache.catalina.valves.ErrorReportValve.invoke(ErrorReportValve.java:93)
		at org.apache.catalina.valves.AbstractAccessLogValve.invoke(AbstractAccessLogValve.java:660)
		at org.apache.catalina.core.StandardEngineValve.invoke(StandardEngineValve.java:74)
		at org.apache.catalina.connector.CoyoteAdapter.service(CoyoteAdapter.java:346)
		at org.apache.coyote.http11.Http11Processor.service(Http11Processor.java:396)
		at org.apache.coyote.AbstractProcessorLight.process(AbstractProcessorLight.java:63)
		at org.apache.coyote.AbstractProtocol$ConnectionHandler.process(AbstractProtocol.java:937)
		at org.apache.tomcat.util.net.NioEndpoint$SocketProcessor.doRun(NioEndpoint.java:1793)
		at org.apache.tomcat.util.net.SocketProcessorBase.run(SocketProcessorBase.java:52)
		at org.apache.tomcat.util.threads.ThreadPoolExecutor.runWorker(ThreadPoolExecutor.java:1190)
		at org.apache.tomcat.util.threads.ThreadPoolExecutor$Worker.run(ThreadPoolExecutor.java:659)
		at org.apache.tomcat.util.threads.TaskThread$WrappingRunnable.run(TaskThread.java:63)
		at java.base/java.lang.Thread.run(Thread.java:1575)
